Using pre-set license
Built from '2020.2/release' branch; Version is '2020.2.2f1 (068178b99f32) revision 426360'; Using compiler version '192528614'; Build Type 'Release'
OS: 'Windows 10 Home Single Language; OS build 19041.985; Version 2004; 64bit' Language: 'es' Physical Memory: 8060 MB
BatchMode: 1, IsHumanControllingUs: 0, StartBugReporterOnCrash: 0, Is64bit: 1, IsPro: 0

 COMMAND LINE ARGUMENTS:
C:\Program Files\Unity\Hub\Editor\2020.2.2f1\Editor\Unity.exe
-adb2
-batchMode
-noUpm
-name
AssetImportWorker1
-projectPath
C:/Users/m/Desktop/MrMime/MrMime
-logFile
Logs/AssetImportWorker1.log
-srvPort
56982
Successfully changed project path to: C:/Users/m/Desktop/MrMime/MrMime
C:/Users/m/Desktop/MrMime/MrMime
Using Asset Import Pipeline V2.
Refreshing native plugins compatible for Editor in 62.55 ms, found 3 plugins.
Preloading 0 native plugins for Editor in 0.00 ms.
Initialize engine version: 2020.2.2f1 (068178b99f32)
[Subsystems] Discovering subsystems at path C:/Program Files/Unity/Hub/Editor/2020.2.2f1/Editor/Data/Resources/UnitySubsystems
[Subsystems] Discovering subsystems at path C:/Users/m/Desktop/MrMime/MrMime/Assets
GfxDevice: creating device client; threaded=0
Direct3D:
    Version:  Direct3D 11.0 [level 11.0]
    Renderer: NVIDIA GeForce 940MX (ID=0x134d)
    Vendor:   
    VRAM:     2019 MB
    Driver:   21.21.13.7654
Initialize mono
Mono path[0] = 'C:/Program Files/Unity/Hub/Editor/2020.2.2f1/Editor/Data/Managed'
Mono path[1] = 'C:/Program Files/Unity/Hub/Editor/2020.2.2f1/Editor/Data/MonoBleedingEdge/lib/mono/unityjit'
Mono config path = 'C:/Program Files/Unity/Hub/Editor/2020.2.2f1/Editor/Data/MonoBleedingEdge/etc'
Using monoOptions --debugger-agent=transport=dt_socket,embedding=1,server=y,suspend=n,address=127.0.0.1:56700
Begin MonoManager ReloadAssembly
Registering precompiled unity dll's ...
Register platform support module: C:/Program Files/Unity/Hub/Editor/2020.2.2f1/Editor/Data/PlaybackEngines/WindowsStandaloneSupport/UnityEditor.WindowsStandalone.Extensions.dll
Registered in 0.004156 seconds.
Native extension for WindowsStandalone target not found
Refreshing native plugins compatible for Editor in 52.75 ms, found 3 plugins.
Preloading 0 native plugins for Editor in 0.00 ms.
Invoked RoslynAnalysisRunner static constructor.
RoslynAnalysisRunner will not be running.
RoslynAnalysisRunner has terminated.
Mono: successfully reloaded assembly
- Completed reload, in  2.197 seconds
Platform modules already initialized, skipping
Registering precompiled user dll's ...
Registered in 0.010425 seconds.
Begin MonoManager ReloadAssembly
Symbol file LoadedFromMemory is not a mono symbol file
Symbol file LoadedFromMemory is not a mono symbol file
Symbol file LoadedFromMemory is not a mono symbol file
Symbol file LoadedFromMemory is not a mono symbol file
Symbol file LoadedFromMemory is not a mono symbol file
Symbol file LoadedFromMemory is not a mono symbol file
Native extension for WindowsStandalone target not found
Refreshing native plugins compatible for Editor in 0.74 ms, found 3 plugins.
Preloading 0 native plugins for Editor in 0.00 ms.
Invoked RoslynAnalysisRunner static constructor.
RoslynAnalysisRunner will not be running.
RoslynAnalysisRunner has terminated.
Mono: successfully reloaded assembly
- Completed reload, in  2.193 seconds
Platform modules already initialized, skipping
========================================================================
Worker process is ready to serve import requests
Launched and connected shader compiler UnityShaderCompiler.exe after 0.08 seconds
Refreshing native plugins compatible for Editor in 0.64 ms, found 3 plugins.
Preloading 0 native plugins for Editor in 0.00 ms.
Unloading 1211 Unused Serialized files (Serialized files now loaded: 0)
System memory in use before: 62.0 MB.
System memory in use after: 62.1 MB.

Unloading 25 unused Assets to reduce memory usage. Loaded Objects now: 1645.
Total: 3.207200 ms (FindLiveObjects: 0.276000 ms CreateObjectMapping: 0.210000 ms MarkObjects: 2.601700 ms  DeleteObjects: 0.117700 ms)

========================================================================
Received Import Request.
  path: Assets/Assets/salir.png
  artifactKey: Guid(83ed09dc54dce104f855c861d62f18d4) Importer(815301076,1909f56bfc062723c751e8b465ee728b)
Start importing Assets/Assets/salir.png using Guid(83ed09dc54dce104f855c861d62f18d4) Importer(815301076,1909f56bfc062723c751e8b465ee728b)  -> (artifact id: '9078adcb43ac29bae60e1ed1f6d885b1') in 0.815557 seconds
  Import took 0.821128 seconds .

========================================================================
Received Import Request.
  Time since last request: 0.000316 seconds.
  path: Assets/Assets/menu.png
  artifactKey: Guid(a76726e59a7b5d44ebca9ccf86dbbe97) Importer(815301076,1909f56bfc062723c751e8b465ee728b)
Start importing Assets/Assets/menu.png using Guid(a76726e59a7b5d44ebca9ccf86dbbe97) Importer(815301076,1909f56bfc062723c751e8b465ee728b)  -> (artifact id: 'a5fbd9e17c15f1746fd170e2ed49335a') in 0.298374 seconds
  Import took 0.302137 seconds .

========================================================================
Received Import Request.
  Time since last request: 0.001357 seconds.
  path: Assets/Assets/Cargando.png
  artifactKey: Guid(a8a54ef47b5f0c4439b83bed63a2a6ec) Importer(815301076,1909f56bfc062723c751e8b465ee728b)
Start importing Assets/Assets/Cargando.png using Guid(a8a54ef47b5f0c4439b83bed63a2a6ec) Importer(815301076,1909f56bfc062723c751e8b465ee728b)  -> (artifact id: '12cb14a28fbed7a7191eb6e9e396f002') in 0.074355 seconds
  Import took 0.079909 seconds .

========================================================================
Received Import Request.
  Time since last request: 0.000297 seconds.
  path: Assets/Assets/cerrar.png
  artifactKey: Guid(e7d7d838669f1164f835e2fb5e10a74a) Importer(815301076,1909f56bfc062723c751e8b465ee728b)
Start importing Assets/Assets/cerrar.png using Guid(e7d7d838669f1164f835e2fb5e10a74a) Importer(815301076,1909f56bfc062723c751e8b465ee728b)  -> (artifact id: 'dbc444b4bf195a4d8d45f1b4d0ed2514') in 0.045324 seconds
  Import took 0.049236 seconds .

========================================================================
Received Import Request.
  Time since last request: 0.000244 seconds.
  path: Assets/Scenes/Main Menu.unity
  artifactKey: Guid(9fc0d4010bbf28b4594072e72b8655ab) Importer(815301076,1909f56bfc062723c751e8b465ee728b)
Start importing Assets/Scenes/Main Menu.unity using Guid(9fc0d4010bbf28b4594072e72b8655ab) Importer(815301076,1909f56bfc062723c751e8b465ee728b)  -> (artifact id: 'afb2856a7d86bdd6f4e848eb235d50ee') in 0.030340 seconds
  Import took 0.034114 seconds .

========================================================================
Received Prepare
Registering precompiled user dll's ...
Registered in 0.015109 seconds.
Begin MonoManager ReloadAssembly
Symbol file LoadedFromMemory is not a mono symbol file
Symbol file LoadedFromMemory is not a mono symbol file
Symbol file LoadedFromMemory is not a mono symbol file
Symbol file LoadedFromMemory is not a mono symbol file
Symbol file LoadedFromMemory is not a mono symbol file
Symbol file LoadedFromMemory is not a mono symbol file
Native extension for WindowsStandalone target not found
Refreshing native plugins compatible for Editor in 0.72 ms, found 3 plugins.
Preloading 0 native plugins for Editor in 0.00 ms.
Invoked RoslynAnalysisRunner static constructor.
RoslynAnalysisRunner will not be running.
RoslynAnalysisRunner has terminated.
Mono: successfully reloaded assembly
- Completed reload, in  2.898 seconds
Platform modules already initialized, skipping
Refreshing native plugins compatible for Editor in 0.47 ms, found 3 plugins.
Preloading 0 native plugins for Editor in 0.00 ms.
Unloading 1198 Unused Serialized files (Serialized files now loaded: 0)
System memory in use before: 64.8 MB.
System memory in use after: 64.9 MB.

Unloading 20 unused Assets to reduce memory usage. Loaded Objects now: 1655.
Total: 3.769700 ms (FindLiveObjects: 0.175400 ms CreateObjectMapping: 0.056500 ms MarkObjects: 3.496900 ms  DeleteObjects: 0.038700 ms)

========================================================================
Received Import Request.
  Time since last request: 126.038630 seconds.
  path: Assets/Scenes/Select Movement.unity
  artifactKey: Guid(dc61d695af2399d4095b9ceb36805355) Importer(815301076,1909f56bfc062723c751e8b465ee728b)
Start importing Assets/Scenes/Select Movement.unity using Guid(dc61d695af2399d4095b9ceb36805355) Importer(815301076,1909f56bfc062723c751e8b465ee728b)  -> (artifact id: '1f6c21392ba3c7dd61cc74609efc4dca') in 0.027244 seconds
  Import took 0.030883 seconds .

========================================================================
Received Import Request.
  Time since last request: 0.000275 seconds.
  path: Assets/Scenes/Add Movement.unity
  artifactKey: Guid(0257611c7e012484c8395a107f41de23) Importer(815301076,1909f56bfc062723c751e8b465ee728b)
Start importing Assets/Scenes/Add Movement.unity using Guid(0257611c7e012484c8395a107f41de23) Importer(815301076,1909f56bfc062723c751e8b465ee728b)  -> (artifact id: '17f91828861ce8cf0597054f610e2789') in 0.025931 seconds
  Import took 0.030757 seconds .

========================================================================
Received Import Request.
  Time since last request: 120.742230 seconds.
  path: Assets/Scenes/Main Menu.unity
  artifactKey: Guid(9fc0d4010bbf28b4594072e72b8655ab) Importer(815301076,1909f56bfc062723c751e8b465ee728b)
Start importing Assets/Scenes/Main Menu.unity using Guid(9fc0d4010bbf28b4594072e72b8655ab) Importer(815301076,1909f56bfc062723c751e8b465ee728b)  -> (artifact id: '360fa7a4306463ce6650a4eb91127d45') in 0.008644 seconds
  Import took 0.027028 seconds .

========================================================================
Received Import Request.
  Time since last request: 0.000720 seconds.
  path: Assets/Scenes/Main Menu.unity
  artifactKey: Guid(9fc0d4010bbf28b4594072e72b8655ab) Importer(815301076,1909f56bfc062723c751e8b465ee728b)
Start importing Assets/Scenes/Main Menu.unity using Guid(9fc0d4010bbf28b4594072e72b8655ab) Importer(815301076,1909f56bfc062723c751e8b465ee728b)  -> (artifact id: '360fa7a4306463ce6650a4eb91127d45') in 0.028391 seconds
  Import took 0.031653 seconds .

========================================================================
Received Prepare
Registering precompiled user dll's ...
Registered in 0.014409 seconds.
Begin MonoManager ReloadAssembly
Symbol file LoadedFromMemory is not a mono symbol file
Symbol file LoadedFromMemory is not a mono symbol file
Symbol file LoadedFromMemory is not a mono symbol file
Symbol file LoadedFromMemory is not a mono symbol file
Symbol file LoadedFromMemory is not a mono symbol file
Symbol file LoadedFromMemory is not a mono symbol file
Native extension for WindowsStandalone target not found
Refreshing native plugins compatible for Editor in 0.78 ms, found 3 plugins.
Preloading 0 native plugins for Editor in 0.00 ms.
Invoked RoslynAnalysisRunner static constructor.
RoslynAnalysisRunner will not be running.
RoslynAnalysisRunner has terminated.
Mono: successfully reloaded assembly
- Completed reload, in  2.210 seconds
Platform modules already initialized, skipping
Refreshing native plugins compatible for Editor in 0.67 ms, found 3 plugins.
Preloading 0 native plugins for Editor in 0.00 ms.
Unloading 1198 Unused Serialized files (Serialized files now loaded: 0)
System memory in use before: 65.1 MB.
System memory in use after: 65.2 MB.

Unloading 20 unused Assets to reduce memory usage. Loaded Objects now: 1657.
Total: 2.544800 ms (FindLiveObjects: 0.375300 ms CreateObjectMapping: 0.095300 ms MarkObjects: 2.030300 ms  DeleteObjects: 0.037600 ms)

========================================================================
Received Prepare
Registering precompiled user dll's ...
Registered in 0.012256 seconds.
Begin MonoManager ReloadAssembly
Symbol file LoadedFromMemory is not a mono symbol file
Symbol file LoadedFromMemory is not a mono symbol file
Symbol file LoadedFromMemory is not a mono symbol file
Symbol file LoadedFromMemory is not a mono symbol file
Symbol file LoadedFromMemory is not a mono symbol file
Symbol file LoadedFromMemory is not a mono symbol file
Native extension for WindowsStandalone target not found
Refreshing native plugins compatible for Editor in 0.67 ms, found 3 plugins.
Preloading 0 native plugins for Editor in 0.00 ms.
Invoked RoslynAnalysisRunner static constructor.
RoslynAnalysisRunner will not be running.
RoslynAnalysisRunner has terminated.
Mono: successfully reloaded assembly
- Completed reload, in  2.968 seconds
Platform modules already initialized, skipping
Refreshing native plugins compatible for Editor in 1.50 ms, found 3 plugins.
Preloading 0 native plugins for Editor in 0.00 ms.
Unloading 1198 Unused Serialized files (Serialized files now loaded: 0)
System memory in use before: 65.5 MB.
System memory in use after: 65.6 MB.

Unloading 20 unused Assets to reduce memory usage. Loaded Objects now: 1659.
Total: 17.903800 ms (FindLiveObjects: 0.359000 ms CreateObjectMapping: 0.098400 ms MarkObjects: 17.079900 ms  DeleteObjects: 0.363900 ms)

========================================================================
Received Prepare
Registering precompiled user dll's ...
Registered in 0.034104 seconds.
Begin MonoManager ReloadAssembly
Symbol file LoadedFromMemory is not a mono symbol file
Symbol file LoadedFromMemory is not a mono symbol file
Symbol file LoadedFromMemory is not a mono symbol file
Symbol file LoadedFromMemory is not a mono symbol file
Symbol file LoadedFromMemory is not a mono symbol file
Symbol file LoadedFromMemory is not a mono symbol file
Native extension for WindowsStandalone target not found
Refreshing native plugins compatible for Editor in 10.82 ms, found 3 plugins.
Preloading 0 native plugins for Editor in 0.00 ms.
Invoked RoslynAnalysisRunner static constructor.
RoslynAnalysisRunner will not be running.
RoslynAnalysisRunner has terminated.
Mono: successfully reloaded assembly
- Completed reload, in  4.162 seconds
Platform modules already initialized, skipping
Refreshing native plugins compatible for Editor in 0.90 ms, found 3 plugins.
Preloading 0 native plugins for Editor in 0.00 ms.
Unloading 1198 Unused Serialized files (Serialized files now loaded: 0)
System memory in use before: 65.9 MB.
System memory in use after: 66.0 MB.

Unloading 20 unused Assets to reduce memory usage. Loaded Objects now: 1661.
Total: 3.985600 ms (FindLiveObjects: 0.378100 ms CreateObjectMapping: 0.126400 ms MarkObjects: 3.448600 ms  DeleteObjects: 0.030300 ms)

========================================================================
Received Prepare
Registering precompiled user dll's ...
Registered in 0.011149 seconds.
Begin MonoManager ReloadAssembly
Symbol file LoadedFromMemory is not a mono symbol file
Symbol file LoadedFromMemory is not a mono symbol file
Symbol file LoadedFromMemory is not a mono symbol file
Symbol file LoadedFromMemory is not a mono symbol file
Symbol file LoadedFromMemory is not a mono symbol file
Symbol file LoadedFromMemory is not a mono symbol file
Native extension for WindowsStandalone target not found
Refreshing native plugins compatible for Editor in 0.50 ms, found 3 plugins.
Preloading 0 native plugins for Editor in 0.00 ms.
Invoked RoslynAnalysisRunner static constructor.
RoslynAnalysisRunner will not be running.
RoslynAnalysisRunner has terminated.
Mono: successfully reloaded assembly
- Completed reload, in  2.107 seconds
Platform modules already initialized, skipping
Refreshing native plugins compatible for Editor in 0.70 ms, found 3 plugins.
Preloading 0 native plugins for Editor in 0.00 ms.
Unloading 1198 Unused Serialized files (Serialized files now loaded: 0)
System memory in use before: 66.1 MB.
System memory in use after: 66.2 MB.

Unloading 20 unused Assets to reduce memory usage. Loaded Objects now: 1663.
Total: 3.775000 ms (FindLiveObjects: 0.858000 ms CreateObjectMapping: 0.570100 ms MarkObjects: 2.314300 ms  DeleteObjects: 0.024800 ms)

========================================================================
Received Import Request.
  Time since last request: 1032.480382 seconds.
  path: Assets/Resources/Sprites/caminar.jpg
  artifactKey: Guid(46e4c6d32aee0484cbd3820b276d636c) Importer(815301076,1909f56bfc062723c751e8b465ee728b)
Start importing Assets/Resources/Sprites/caminar.jpg using Guid(46e4c6d32aee0484cbd3820b276d636c) Importer(815301076,1909f56bfc062723c751e8b465ee728b)  -> (artifact id: 'fb1763fd451501a1a1f227d7a486497b') in 0.739965 seconds
  Import took 0.744454 seconds .

========================================================================
Received Import Request.
  Time since last request: 0.000241 seconds.
  path: Assets/Resources/Sprites/cerrar.png
  artifactKey: Guid(34d1887c394df134db396584310eaca1) Importer(815301076,1909f56bfc062723c751e8b465ee728b)
Start importing Assets/Resources/Sprites/cerrar.png using Guid(34d1887c394df134db396584310eaca1) Importer(815301076,1909f56bfc062723c751e8b465ee728b)  -> (artifact id: '3a12517eee3bcefd047e04dc0c7e7e80') in 0.090598 seconds
  Import took 0.094535 seconds .

========================================================================
Received Import Request.
  Time since last request: 0.000249 seconds.
  path: Assets/Resources/Sprites/correr.jpg
  artifactKey: Guid(f8e713d89f5679a429f28f292a88000a) Importer(815301076,1909f56bfc062723c751e8b465ee728b)
Start importing Assets/Resources/Sprites/correr.jpg using Guid(f8e713d89f5679a429f28f292a88000a) Importer(815301076,1909f56bfc062723c751e8b465ee728b)  -> (artifact id: '57d5f2557291d42ef74e8d6f02ff1315') in 0.139498 seconds
  Import took 0.144521 seconds .

========================================================================
Received Import Request.
  Time since last request: 0.000280 seconds.
  path: Assets/RockVR/Common/Textures/Logo.png
  artifactKey: Guid(3e3b5dc88a4ee454fa3a6f0b0c8d4f38) Importer(815301076,1909f56bfc062723c751e8b465ee728b)
Start importing Assets/RockVR/Common/Textures/Logo.png using Guid(3e3b5dc88a4ee454fa3a6f0b0c8d4f38) Importer(815301076,1909f56bfc062723c751e8b465ee728b)  -> (artifact id: 'a735036016346e1f6ed92befb4a19392') in 0.103804 seconds
  Import took 0.109226 seconds .

========================================================================
Received Import Request.
  Time since last request: 0.000081 seconds.
  path: Assets/Resources/Sprites/estirar.jpg
  artifactKey: Guid(487cf3358d15d8d4f9512b769b7b2b5a) Importer(815301076,1909f56bfc062723c751e8b465ee728b)
Start importing Assets/Resources/Sprites/estirar.jpg using Guid(487cf3358d15d8d4f9512b769b7b2b5a) Importer(815301076,1909f56bfc062723c751e8b465ee728b)  -> (artifact id: '2458655354e8b745c95aefa289d81c21') in 0.071171 seconds
  Import took 0.081000 seconds .

========================================================================
Received Import Request.
  Time since last request: 0.000400 seconds.
  path: Assets/Resources/Sprites/marcha.jpg
  artifactKey: Guid(56211ee255d6cb5458682c95e6daf182) Importer(815301076,1909f56bfc062723c751e8b465ee728b)
Start importing Assets/Resources/Sprites/marcha.jpg using Guid(56211ee255d6cb5458682c95e6daf182) Importer(815301076,1909f56bfc062723c751e8b465ee728b)  -> (artifact id: 'f4fbcd7cad7878df28b78f85aae0d557') in 0.110119 seconds
  Import took 0.114084 seconds .

========================================================================
Received Import Request.
  Time since last request: 1.008951 seconds.
  path: Assets/Resources/Sprites/menu.png
  artifactKey: Guid(9de459d61b5a6094d918f57766fa7462) Importer(815301076,1909f56bfc062723c751e8b465ee728b)
Start importing Assets/Resources/Sprites/menu.png using Guid(9de459d61b5a6094d918f57766fa7462) Importer(815301076,1909f56bfc062723c751e8b465ee728b)  -> (artifact id: '806262a6b31a0bf1afcb504036e554ce') in 0.365128 seconds
  Import took 0.373329 seconds .

========================================================================
Received Import Request.
  Time since last request: 0.469986 seconds.
  path: Assets/Resources/Sprites/saludar.jpg
  artifactKey: Guid(9adcb34719d210d4ab51339dd09cfce5) Importer(815301076,1909f56bfc062723c751e8b465ee728b)
Start importing Assets/Resources/Sprites/saludar.jpg using Guid(9adcb34719d210d4ab51339dd09cfce5) Importer(815301076,1909f56bfc062723c751e8b465ee728b)  -> (artifact id: '5d8e405d0f171b94a55f341c4c25f4ea') in 0.158224 seconds
  Import took 0.162426 seconds .

========================================================================
Received Prepare
Registering precompiled user dll's ...
Registered in 0.028080 seconds.
Begin MonoManager ReloadAssembly
Symbol file LoadedFromMemory is not a mono symbol file
Symbol file LoadedFromMemory is not a mono symbol file
Symbol file LoadedFromMemory is not a mono symbol file
Symbol file LoadedFromMemory is not a mono symbol file
Symbol file LoadedFromMemory is not a mono symbol file
Symbol file LoadedFromMemory is not a mono symbol file
Native extension for WindowsStandalone target not found
Refreshing native plugins compatible for Editor in 0.55 ms, found 3 plugins.
Preloading 0 native plugins for Editor in 0.00 ms.
Invoked RoslynAnalysisRunner static constructor.
RoslynAnalysisRunner will not be running.
RoslynAnalysisRunner has terminated.
Mono: successfully reloaded assembly
- Completed reload, in  1.748 seconds
Platform modules already initialized, skipping
Refreshing native plugins compatible for Editor in 0.51 ms, found 3 plugins.
Preloading 0 native plugins for Editor in 0.00 ms.
Unloading 1198 Unused Serialized files (Serialized files now loaded: 0)
System memory in use before: 65.6 MB.
System memory in use after: 65.7 MB.

Unloading 20 unused Assets to reduce memory usage. Loaded Objects now: 1674.
Total: 2.458600 ms (FindLiveObjects: 0.196400 ms CreateObjectMapping: 0.051700 ms MarkObjects: 2.182800 ms  DeleteObjects: 0.026200 ms)

========================================================================
Received Prepare
Registering precompiled user dll's ...
Registered in 0.012827 seconds.
Begin MonoManager ReloadAssembly
Symbol file LoadedFromMemory is not a mono symbol file
Symbol file LoadedFromMemory is not a mono symbol file
Symbol file LoadedFromMemory is not a mono symbol file
Symbol file LoadedFromMemory is not a mono symbol file
Symbol file LoadedFromMemory is not a mono symbol file
Symbol file LoadedFromMemory is not a mono symbol file
Native extension for WindowsStandalone target not found
Refreshing native plugins compatible for Editor in 0.53 ms, found 3 plugins.
Preloading 0 native plugins for Editor in 0.00 ms.
Invoked RoslynAnalysisRunner static constructor.
RoslynAnalysisRunner will not be running.
RoslynAnalysisRunner has terminated.
Mono: successfully reloaded assembly
- Completed reload, in  2.631 seconds
Platform modules already initialized, skipping
Refreshing native plugins compatible for Editor in 0.70 ms, found 3 plugins.
Preloading 0 native plugins for Editor in 0.00 ms.
Unloading 1198 Unused Serialized files (Serialized files now loaded: 0)
System memory in use before: 65.9 MB.
System memory in use after: 66.0 MB.

Unloading 20 unused Assets to reduce memory usage. Loaded Objects now: 1676.
Total: 14.125600 ms (FindLiveObjects: 3.632400 ms CreateObjectMapping: 0.122500 ms MarkObjects: 10.330300 ms  DeleteObjects: 0.037900 ms)

========================================================================
Received Prepare
Registering precompiled user dll's ...
Registered in 0.024437 seconds.
Begin MonoManager ReloadAssembly
Symbol file LoadedFromMemory is not a mono symbol file
Symbol file LoadedFromMemory is not a mono symbol file
Symbol file LoadedFromMemory is not a mono symbol file
Symbol file LoadedFromMemory is not a mono symbol file
Symbol file LoadedFromMemory is not a mono symbol file
Symbol file LoadedFromMemory is not a mono symbol file
Native extension for WindowsStandalone target not found
Refreshing native plugins compatible for Editor in 0.43 ms, found 3 plugins.
Preloading 0 native plugins for Editor in 0.00 ms.
Invoked RoslynAnalysisRunner static constructor.
RoslynAnalysisRunner will not be running.
RoslynAnalysisRunner has terminated.
Mono: successfully reloaded assembly
- Completed reload, in  3.694 seconds
Platform modules already initialized, skipping
Refreshing native plugins compatible for Editor in 0.98 ms, found 3 plugins.
Preloading 0 native plugins for Editor in 0.00 ms.
Unloading 1198 Unused Serialized files (Serialized files now loaded: 0)
System memory in use before: 66.2 MB.
System memory in use after: 66.3 MB.

Unloading 20 unused Assets to reduce memory usage. Loaded Objects now: 1678.
Total: 3.435100 ms (FindLiveObjects: 0.302400 ms CreateObjectMapping: 0.102100 ms MarkObjects: 3.003200 ms  DeleteObjects: 0.025300 ms)

========================================================================
Received Prepare
Registering precompiled user dll's ...
Registered in 0.019526 seconds.
Begin MonoManager ReloadAssembly
Symbol file LoadedFromMemory is not a mono symbol file
Symbol file LoadedFromMemory is not a mono symbol file
Symbol file LoadedFromMemory is not a mono symbol file
Symbol file LoadedFromMemory is not a mono symbol file
Symbol file LoadedFromMemory is not a mono symbol file
Symbol file LoadedFromMemory is not a mono symbol file
Native extension for WindowsStandalone target not found
Refreshing native plugins compatible for Editor in 0.45 ms, found 3 plugins.
Preloading 0 native plugins for Editor in 0.00 ms.
Invoked RoslynAnalysisRunner static constructor.
RoslynAnalysisRunner will not be running.
RoslynAnalysisRunner has terminated.
Mono: successfully reloaded assembly
- Completed reload, in  2.598 seconds
Platform modules already initialized, skipping
Refreshing native plugins compatible for Editor in 7.30 ms, found 3 plugins.
Preloading 0 native plugins for Editor in 0.00 ms.
Unloading 1198 Unused Serialized files (Serialized files now loaded: 0)
System memory in use before: 65.6 MB.
System memory in use after: 65.7 MB.

Unloading 20 unused Assets to reduce memory usage. Loaded Objects now: 1680.
Total: 2.374200 ms (FindLiveObjects: 0.379000 ms CreateObjectMapping: 0.097600 ms MarkObjects: 1.869100 ms  DeleteObjects: 0.026200 ms)

========================================================================
Received Prepare
Registering precompiled user dll's ...
Registered in 0.060739 seconds.
Begin MonoManager ReloadAssembly
Symbol file LoadedFromMemory is not a mono symbol file
Symbol file LoadedFromMemory is not a mono symbol file
Symbol file LoadedFromMemory is not a mono symbol file
Symbol file LoadedFromMemory is not a mono symbol file
Symbol file LoadedFromMemory is not a mono symbol file
Symbol file LoadedFromMemory is not a mono symbol file
Native extension for WindowsStandalone target not found
Refreshing native plugins compatible for Editor in 1.59 ms, found 3 plugins.
Preloading 0 native plugins for Editor in 0.00 ms.
Invoked RoslynAnalysisRunner static constructor.
RoslynAnalysisRunner will not be running.
RoslynAnalysisRunner has terminated.
Mono: successfully reloaded assembly
- Completed reload, in  2.681 seconds
Platform modules already initialized, skipping
Refreshing native plugins compatible for Editor in 0.58 ms, found 3 plugins.
Preloading 0 native plugins for Editor in 0.00 ms.
Unloading 1198 Unused Serialized files (Serialized files now loaded: 0)
System memory in use before: 66.0 MB.
System memory in use after: 66.1 MB.

Unloading 20 unused Assets to reduce memory usage. Loaded Objects now: 1682.
Total: 26.805900 ms (FindLiveObjects: 14.845100 ms CreateObjectMapping: 0.066500 ms MarkObjects: 11.864000 ms  DeleteObjects: 0.027800 ms)

========================================================================
Received Prepare
Registering precompiled user dll's ...
Registered in 0.214393 seconds.
Begin MonoManager ReloadAssembly
Symbol file LoadedFromMemory is not a mono symbol file
Symbol file LoadedFromMemory is not a mono symbol file
Symbol file LoadedFromMemory is not a mono symbol file
Symbol file LoadedFromMemory is not a mono symbol file
Symbol file LoadedFromMemory is not a mono symbol file
Symbol file LoadedFromMemory is not a mono symbol file
Native extension for WindowsStandalone target not found
Refreshing native plugins compatible for Editor in 1.03 ms, found 3 plugins.
Preloading 0 native plugins for Editor in 0.00 ms.
Invoked RoslynAnalysisRunner static constructor.
RoslynAnalysisRunner will not be running.
RoslynAnalysisRunner has terminated.
Mono: successfully reloaded assembly
- Completed reload, in 11.170 seconds
Platform modules already initialized, skipping
Refreshing native plugins compatible for Editor in 0.73 ms, found 3 plugins.
Preloading 0 native plugins for Editor in 0.00 ms.
Unloading 1198 Unused Serialized files (Serialized files now loaded: 0)
System memory in use before: 66.2 MB.
System memory in use after: 66.3 MB.

Unloading 20 unused Assets to reduce memory usage. Loaded Objects now: 1684.
Total: 5.334000 ms (FindLiveObjects: 1.440100 ms CreateObjectMapping: 0.146500 ms MarkObjects: 3.711700 ms  DeleteObjects: 0.033700 ms)

========================================================================
Received Prepare
Registering precompiled user dll's ...
Registered in 0.010245 seconds.
Begin MonoManager ReloadAssembly
Symbol file LoadedFromMemory is not a mono symbol file
Symbol file LoadedFromMemory is not a mono symbol file
Symbol file LoadedFromMemory is not a mono symbol file
Symbol file LoadedFromMemory is not a mono symbol file
Symbol file LoadedFromMemory is not a mono symbol file
Symbol file LoadedFromMemory is not a mono symbol file
Native extension for WindowsStandalone target not found
Refreshing native plugins compatible for Editor in 0.72 ms, found 3 plugins.
Preloading 0 native plugins for Editor in 0.00 ms.
Invoked RoslynAnalysisRunner static constructor.
RoslynAnalysisRunner will not be running.
RoslynAnalysisRunner has terminated.
Mono: successfully reloaded assembly
- Completed reload, in  4.438 seconds
Platform modules already initialized, skipping
Refreshing native plugins compatible for Editor in 0.60 ms, found 3 plugins.
Preloading 0 native plugins for Editor in 0.00 ms.
Unloading 1198 Unused Serialized files (Serialized files now loaded: 0)
System memory in use before: 65.7 MB.
System memory in use after: 65.8 MB.

Unloading 20 unused Assets to reduce memory usage. Loaded Objects now: 1686.
Total: 1.982600 ms (FindLiveObjects: 0.268900 ms CreateObjectMapping: 0.059600 ms MarkObjects: 1.619300 ms  DeleteObjects: 0.033200 ms)

========================================================================
Received Prepare
Registering precompiled user dll's ...
Registered in 0.218620 seconds.
Begin MonoManager ReloadAssembly
Symbol file LoadedFromMemory is not a mono symbol file
Symbol file LoadedFromMemory is not a mono symbol file
Symbol file LoadedFromMemory is not a mono symbol file
Symbol file LoadedFromMemory is not a mono symbol file
Symbol file LoadedFromMemory is not a mono symbol file
Symbol file LoadedFromMemory is not a mono symbol file
Native extension for WindowsStandalone target not found
Refreshing native plugins compatible for Editor in 0.66 ms, found 3 plugins.
Preloading 0 native plugins for Editor in 0.00 ms.
Invoked RoslynAnalysisRunner static constructor.
RoslynAnalysisRunner will not be running.
RoslynAnalysisRunner has terminated.
Mono: successfully reloaded assembly
- Completed reload, in  2.405 seconds
Platform modules already initialized, skipping
Refreshing native plugins compatible for Editor in 0.62 ms, found 3 plugins.
Preloading 0 native plugins for Editor in 0.00 ms.
Unloading 1198 Unused Serialized files (Serialized files now loaded: 0)
System memory in use before: 66.0 MB.
System memory in use after: 66.1 MB.

Unloading 20 unused Assets to reduce memory usage. Loaded Objects now: 1688.
Total: 13.952900 ms (FindLiveObjects: 0.293600 ms CreateObjectMapping: 0.102100 ms MarkObjects: 13.517700 ms  DeleteObjects: 0.037300 ms)

========================================================================
Received Prepare
Registering precompiled user dll's ...
Registered in 0.188015 seconds.
Begin MonoManager ReloadAssembly
Symbol file LoadedFromMemory is not a mono symbol file
Symbol file LoadedFromMemory is not a mono symbol file
Symbol file LoadedFromMemory is not a mono symbol file
Symbol file LoadedFromMemory is not a mono symbol file
Symbol file LoadedFromMemory is not a mono symbol file
Symbol file LoadedFromMemory is not a mono symbol file
Native extension for WindowsStandalone target not found
Refreshing native plugins compatible for Editor in 0.54 ms, found 3 plugins.
Preloading 0 native plugins for Editor in 0.00 ms.
Invoked RoslynAnalysisRunner static constructor.
RoslynAnalysisRunner will not be running.
RoslynAnalysisRunner has terminated.
Mono: successfully reloaded assembly
- Completed reload, in  4.517 seconds
Platform modules already initialized, skipping
Refreshing native plugins compatible for Editor in 2.12 ms, found 3 plugins.
Preloading 0 native plugins for Editor in 0.00 ms.
Unloading 1198 Unused Serialized files (Serialized files now loaded: 0)
System memory in use before: 66.2 MB.
System memory in use after: 66.3 MB.

Unloading 20 unused Assets to reduce memory usage. Loaded Objects now: 1690.
Total: 3.367100 ms (FindLiveObjects: 0.178300 ms CreateObjectMapping: 0.056900 ms MarkObjects: 3.094500 ms  DeleteObjects: 0.034900 ms)

========================================================================
Received Import Request.
  Time since last request: 1618.194064 seconds.
  path: Assets/Scenes
  artifactKey: Guid(906fdb9fc483d06448c88d8adbfe1ff4) Importer(815301076,1909f56bfc062723c751e8b465ee728b)
Start importing Assets/Scenes using Guid(906fdb9fc483d06448c88d8adbfe1ff4) Importer(815301076,1909f56bfc062723c751e8b465ee728b)  -> (artifact id: '8ba5a1e3eb09b90b5e890cb5b175cb90') in 0.069503 seconds
  Import took 0.109228 seconds .

========================================================================
Received Import Request.
  Time since last request: 13.356310 seconds.
  path: Assets/Scenes/RobotArm.unity
  artifactKey: Guid(23c9feba667073f4abe634dd2a588827) Importer(815301076,1909f56bfc062723c751e8b465ee728b)
Start importing Assets/Scenes/RobotArm.unity using Guid(23c9feba667073f4abe634dd2a588827) Importer(815301076,1909f56bfc062723c751e8b465ee728b)  -> (artifact id: '9902825c9f3e62c13dae5a58485f701a') in 0.071520 seconds
  Import took 0.080826 seconds .

========================================================================
Received Import Request.
  Time since last request: 3.252982 seconds.
  path: Assets/Scenes/Select Robot Movement.unity
  artifactKey: Guid(48a4368186e21a3438d99fbdeee09751) Importer(815301076,1909f56bfc062723c751e8b465ee728b)
Start importing Assets/Scenes/Select Robot Movement.unity using Guid(48a4368186e21a3438d99fbdeee09751) Importer(815301076,1909f56bfc062723c751e8b465ee728b)  -> (artifact id: '76e7df92bddcbd8e4f05f4075552aa5b') in 0.043389 seconds
  Import took 0.048818 seconds .

========================================================================
Received Import Request.
  Time since last request: 12.432857 seconds.
  path: Assets/Scenes/RobotSimulation.unity
  artifactKey: Guid(d1cce2053102da74ca94f9e53e299877) Importer(815301076,1909f56bfc062723c751e8b465ee728b)
Start importing Assets/Scenes/RobotSimulation.unity using Guid(d1cce2053102da74ca94f9e53e299877) Importer(815301076,1909f56bfc062723c751e8b465ee728b)  -> (artifact id: '02f56c8879e64691b9a55579e316b313') in 0.078946 seconds
  Import took 0.083319 seconds .

========================================================================
Received Import Request.
  Time since last request: 215.524436 seconds.
  path: Assets/Scripts/Globals.cs
  artifactKey: Guid(d76e272fd8b8acd43a294ea676aa4975) Importer(815301076,1909f56bfc062723c751e8b465ee728b)
Start importing Assets/Scripts/Globals.cs using Guid(d76e272fd8b8acd43a294ea676aa4975) Importer(815301076,1909f56bfc062723c751e8b465ee728b)  -> (artifact id: '6ea0c2fec4d1a5a5f4982caf7a7031c0') in 0.140662 seconds
  Import took 0.153285 seconds .

========================================================================
Received Prepare
Registering precompiled user dll's ...
Registered in 0.016018 seconds.
Begin MonoManager ReloadAssembly
Symbol file LoadedFromMemory is not a mono symbol file
Symbol file LoadedFromMemory is not a mono symbol file
Symbol file LoadedFromMemory is not a mono symbol file
Symbol file LoadedFromMemory is not a mono symbol file
Symbol file LoadedFromMemory is not a mono symbol file
Symbol file LoadedFromMemory is not a mono symbol file
Native extension for WindowsStandalone target not found
Refreshing native plugins compatible for Editor in 0.48 ms, found 3 plugins.
Preloading 0 native plugins for Editor in 0.00 ms.
Invoked RoslynAnalysisRunner static constructor.
RoslynAnalysisRunner will not be running.
RoslynAnalysisRunner has terminated.
Mono: successfully reloaded assembly
- Completed reload, in  2.010 seconds
Platform modules already initialized, skipping
Refreshing native plugins compatible for Editor in 0.66 ms, found 3 plugins.
Preloading 0 native plugins for Editor in 0.00 ms.
Unloading 1198 Unused Serialized files (Serialized files now loaded: 0)
System memory in use before: 65.8 MB.
System memory in use after: 65.9 MB.

Unloading 20 unused Assets to reduce memory usage. Loaded Objects now: 1692.
Total: 2.446500 ms (FindLiveObjects: 0.208500 ms CreateObjectMapping: 0.053900 ms MarkObjects: 2.154700 ms  DeleteObjects: 0.028000 ms)

========================================================================
Received Import Request.
  Time since last request: 107.497176 seconds.
  path: Assets/Scripts/Globals.cs
  artifactKey: Guid(d76e272fd8b8acd43a294ea676aa4975) Importer(815301076,1909f56bfc062723c751e8b465ee728b)
Start importing Assets/Scripts/Globals.cs using Guid(d76e272fd8b8acd43a294ea676aa4975) Importer(815301076,1909f56bfc062723c751e8b465ee728b)  -> (artifact id: '2f3e379b685e5c15698e90adb2ed8c50') in 0.039353 seconds
  Import took 0.083850 seconds .

========================================================================
Received Import Request.
  Time since last request: 27.501174 seconds.
  path: Assets/Scenes/Main Menu.unity
  artifactKey: Guid(9fc0d4010bbf28b4594072e72b8655ab) Importer(815301076,1909f56bfc062723c751e8b465ee728b)
Start importing Assets/Scenes/Main Menu.unity using Guid(9fc0d4010bbf28b4594072e72b8655ab) Importer(815301076,1909f56bfc062723c751e8b465ee728b)  -> (artifact id: '4c1b6883347db73640f36019ea0a1b89') in 0.074694 seconds
  Import took 0.519834 seconds .

========================================================================
Received Prepare
Registering precompiled user dll's ...
Registered in 0.006317 seconds.
Begin MonoManager ReloadAssembly
Symbol file LoadedFromMemory is not a mono symbol file
Symbol file LoadedFromMemory is not a mono symbol file
Symbol file LoadedFromMemory is not a mono symbol file
Symbol file LoadedFromMemory is not a mono symbol file
Symbol file LoadedFromMemory is not a mono symbol file
Symbol file LoadedFromMemory is not a mono symbol file
Native extension for WindowsStandalone target not found
Refreshing native plugins compatible for Editor in 0.51 ms, found 3 plugins.
Preloading 0 native plugins for Editor in 0.00 ms.
Invoked RoslynAnalysisRunner static constructor.
RoslynAnalysisRunner will not be running.
RoslynAnalysisRunner has terminated.
Mono: successfully reloaded assembly
- Completed reload, in  1.610 seconds
Platform modules already initialized, skipping
Refreshing native plugins compatible for Editor in 0.59 ms, found 3 plugins.
Preloading 0 native plugins for Editor in 0.00 ms.
Unloading 1198 Unused Serialized files (Serialized files now loaded: 0)
System memory in use before: 66.1 MB.
System memory in use after: 66.2 MB.

Unloading 20 unused Assets to reduce memory usage. Loaded Objects now: 1694.
Total: 3.265300 ms (FindLiveObjects: 0.293800 ms CreateObjectMapping: 0.106500 ms MarkObjects: 2.787500 ms  DeleteObjects: 0.075400 ms)

========================================================================
Received Prepare
Registering precompiled user dll's ...
Registered in 0.785006 seconds.
Begin MonoManager ReloadAssembly
Symbol file LoadedFromMemory is not a mono symbol file
Symbol file LoadedFromMemory is not a mono symbol file
Symbol file LoadedFromMemory is not a mono symbol file
Symbol file LoadedFromMemory is not a mono symbol file
Symbol file LoadedFromMemory is not a mono symbol file
Symbol file LoadedFromMemory is not a mono symbol file
Native extension for WindowsStandalone target not found
Refreshing native plugins compatible for Editor in 2.97 ms, found 3 plugins.
Preloading 0 native plugins for Editor in 0.00 ms.
Invoked RoslynAnalysisRunner static constructor.
RoslynAnalysisRunner will not be running.
RoslynAnalysisRunner has terminated.
Mono: successfully reloaded assembly
- Completed reload, in  1.911 seconds
Platform modules already initialized, skipping
Refreshing native plugins compatible for Editor in 0.75 ms, found 3 plugins.
Preloading 0 native plugins for Editor in 0.00 ms.
Unloading 1198 Unused Serialized files (Serialized files now loaded: 0)
System memory in use before: 66.2 MB.
System memory in use after: 66.3 MB.

Unloading 20 unused Assets to reduce memory usage. Loaded Objects now: 1696.
Total: 5.775200 ms (FindLiveObjects: 0.990600 ms CreateObjectMapping: 0.516600 ms MarkObjects: 4.232400 ms  DeleteObjects: 0.026200 ms)

========================================================================
Received Prepare
Registering precompiled user dll's ...
Registered in 0.009325 seconds.
Begin MonoManager ReloadAssembly
Symbol file LoadedFromMemory is not a mono symbol file
Symbol file LoadedFromMemory is not a mono symbol file
Symbol file LoadedFromMemory is not a mono symbol file
Symbol file LoadedFromMemory is not a mono symbol file
Symbol file LoadedFromMemory is not a mono symbol file
Symbol file LoadedFromMemory is not a mono symbol file
Native extension for WindowsStandalone target not found
Refreshing native plugins compatible for Editor in 0.47 ms, found 3 plugins.
Preloading 0 native plugins for Editor in 0.00 ms.
Invoked RoslynAnalysisRunner static constructor.
RoslynAnalysisRunner will not be running.
RoslynAnalysisRunner has terminated.
Mono: successfully reloaded assembly
- Completed reload, in  2.234 seconds
Platform modules already initialized, skipping
Refreshing native plugins compatible for Editor in 0.66 ms, found 3 plugins.
Preloading 0 native plugins for Editor in 0.00 ms.
Unloading 1198 Unused Serialized files (Serialized files now loaded: 0)
System memory in use before: 65.8 MB.
System memory in use after: 65.9 MB.

Unloading 20 unused Assets to reduce memory usage. Loaded Objects now: 1698.
Total: 3.673500 ms (FindLiveObjects: 0.549100 ms CreateObjectMapping: 0.208000 ms MarkObjects: 2.873300 ms  DeleteObjects: 0.038900 ms)

========================================================================
Received Import Request.
  Time since last request: 366.356967 seconds.
  path: Assets/RockVR/Video
  artifactKey: Guid(80fd5695133049945b3c3d8751d33daf) Importer(815301076,1909f56bfc062723c751e8b465ee728b)
Start importing Assets/RockVR/Video using Guid(80fd5695133049945b3c3d8751d33daf) Importer(815301076,1909f56bfc062723c751e8b465ee728b)  -> (artifact id: 'e2f5e094dc1dcfa3bb2dba9005795f64') in 0.075499 seconds
  Import took 0.086259 seconds .

========================================================================
Received Import Request.
  Time since last request: 1.660368 seconds.
  path: Assets/RockVR/Video/Demo
  artifactKey: Guid(a06099d97088f49758b44dd5842d1b05) Importer(815301076,1909f56bfc062723c751e8b465ee728b)
Start importing Assets/RockVR/Video/Demo using Guid(a06099d97088f49758b44dd5842d1b05) Importer(815301076,1909f56bfc062723c751e8b465ee728b)  -> (artifact id: '6d545c53fbbd478e895850c1a355b4a7') in 0.028039 seconds
  Import took 0.039242 seconds .

========================================================================
Received Import Request.
  Time since last request: 1.810092 seconds.
  path: Assets/RockVR/Video/Demo/Add Movement 1.unity
  artifactKey: Guid(263c265f1adcd8f4799d08aa2a48a386) Importer(815301076,1909f56bfc062723c751e8b465ee728b)
Start importing Assets/RockVR/Video/Demo/Add Movement 1.unity using Guid(263c265f1adcd8f4799d08aa2a48a386) Importer(815301076,1909f56bfc062723c751e8b465ee728b)  -> (artifact id: '0c0fd78a92d3d317cd025729412cd875') in 0.098780 seconds
  Import took 0.104678 seconds .

========================================================================
Received Prepare
Registering precompiled user dll's ...
Registered in 0.127660 seconds.
Begin MonoManager ReloadAssembly
Symbol file LoadedFromMemory is not a mono symbol file
Symbol file LoadedFromMemory is not a mono symbol file
Symbol file LoadedFromMemory is not a mono symbol file
Symbol file LoadedFromMemory is not a mono symbol file
Symbol file LoadedFromMemory is not a mono symbol file
Symbol file LoadedFromMemory is not a mono symbol file
Native extension for WindowsStandalone target not found
Refreshing native plugins compatible for Editor in 0.71 ms, found 3 plugins.
Preloading 0 native plugins for Editor in 0.00 ms.
Invoked RoslynAnalysisRunner static constructor.
RoslynAnalysisRunner will not be running.
RoslynAnalysisRunner has terminated.
Mono: successfully reloaded assembly
- Completed reload, in  3.519 seconds
Platform modules already initialized, skipping
Refreshing native plugins compatible for Editor in 0.62 ms, found 3 plugins.
Preloading 0 native plugins for Editor in 0.00 ms.
Unloading 1198 Unused Serialized files (Serialized files now loaded: 0)
System memory in use before: 66.2 MB.
System memory in use after: 66.3 MB.

Unloading 20 unused Assets to reduce memory usage. Loaded Objects now: 1700.
Total: 2.725800 ms (FindLiveObjects: 0.259000 ms CreateObjectMapping: 0.089600 ms MarkObjects: 2.340300 ms  DeleteObjects: 0.034500 ms)

========================================================================
Received Prepare
Registering precompiled user dll's ...
Registered in 0.015220 seconds.
Begin MonoManager ReloadAssembly
Symbol file LoadedFromMemory is not a mono symbol file
Symbol file LoadedFromMemory is not a mono symbol file
Symbol file LoadedFromMemory is not a mono symbol file
Symbol file LoadedFromMemory is not a mono symbol file
Symbol file LoadedFromMemory is not a mono symbol file
Symbol file LoadedFromMemory is not a mono symbol file
Native extension for WindowsStandalone target not found
Refreshing native plugins compatible for Editor in 0.52 ms, found 3 plugins.
Preloading 0 native plugins for Editor in 0.00 ms.
Invoked RoslynAnalysisRunner static constructor.
RoslynAnalysisRunner will not be running.
RoslynAnalysisRunner has terminated.
Mono: successfully reloaded assembly
- Completed reload, in  2.155 seconds
Platform modules already initialized, skipping
Refreshing native plugins compatible for Editor in 0.86 ms, found 3 plugins.
Preloading 0 native plugins for Editor in 0.00 ms.
Unloading 1198 Unused Serialized files (Serialized files now loaded: 0)
System memory in use before: 66.3 MB.
System memory in use after: 66.4 MB.

Unloading 20 unused Assets to reduce memory usage. Loaded Objects now: 1702.
Total: 2.332000 ms (FindLiveObjects: 0.255300 ms CreateObjectMapping: 0.084300 ms MarkObjects: 1.967700 ms  DeleteObjects: 0.023400 ms)

========================================================================
Received Prepare
Registering precompiled user dll's ...
Registered in 0.010602 seconds.
Begin MonoManager ReloadAssembly
Symbol file LoadedFromMemory is not a mono symbol file
Symbol file LoadedFromMemory is not a mono symbol file
Symbol file LoadedFromMemory is not a mono symbol file
Symbol file LoadedFromMemory is not a mono symbol file
Symbol file LoadedFromMemory is not a mono symbol file
Symbol file LoadedFromMemory is not a mono symbol file
Native extension for WindowsStandalone target not found
Refreshing native plugins compatible for Editor in 0.59 ms, found 3 plugins.
Preloading 0 native plugins for Editor in 0.00 ms.
Invoked RoslynAnalysisRunner static constructor.
RoslynAnalysisRunner will not be running.
RoslynAnalysisRunner has terminated.
Mono: successfully reloaded assembly
- Completed reload, in  1.623 seconds
Platform modules already initialized, skipping
Refreshing native plugins compatible for Editor in 0.47 ms, found 3 plugins.
Preloading 0 native plugins for Editor in 0.00 ms.
Unloading 1198 Unused Serialized files (Serialized files now loaded: 0)
System memory in use before: 65.9 MB.
System memory in use after: 66.0 MB.

Unloading 20 unused Assets to reduce memory usage. Loaded Objects now: 1704.
Total: 2.276600 ms (FindLiveObjects: 0.195800 ms CreateObjectMapping: 0.064600 ms MarkObjects: 1.987700 ms  DeleteObjects: 0.026500 ms)

========================================================================
Received Prepare
Registering precompiled user dll's ...
Registered in 0.042610 seconds.
Begin MonoManager ReloadAssembly
Symbol file LoadedFromMemory is not a mono symbol file
Symbol file LoadedFromMemory is not a mono symbol file
Symbol file LoadedFromMemory is not a mono symbol file
Symbol file LoadedFromMemory is not a mono symbol file
Symbol file LoadedFromMemory is not a mono symbol file
Symbol file LoadedFromMemory is not a mono symbol file
Native extension for WindowsStandalone target not found
Refreshing native plugins compatible for Editor in 0.71 ms, found 3 plugins.
Preloading 0 native plugins for Editor in 0.00 ms.
Invoked RoslynAnalysisRunner static constructor.
RoslynAnalysisRunner will not be running.
RoslynAnalysisRunner has terminated.
Mono: successfully reloaded assembly
- Completed reload, in  2.623 seconds
Platform modules already initialized, skipping
Refreshing native plugins compatible for Editor in 0.47 ms, found 3 plugins.
Preloading 0 native plugins for Editor in 0.00 ms.
Unloading 1198 Unused Serialized files (Serialized files now loaded: 0)
System memory in use before: 66.2 MB.
System memory in use after: 66.3 MB.

Unloading 20 unused Assets to reduce memory usage. Loaded Objects now: 1706.
Total: 2.757000 ms (FindLiveObjects: 0.277600 ms CreateObjectMapping: 0.174400 ms MarkObjects: 2.273700 ms  DeleteObjects: 0.029000 ms)

========================================================================
Received Prepare
Registering precompiled user dll's ...
Registered in 0.005176 seconds.
Begin MonoManager ReloadAssembly
Symbol file LoadedFromMemory is not a mono symbol file
Symbol file LoadedFromMemory is not a mono symbol file
Symbol file LoadedFromMemory is not a mono symbol file
Symbol file LoadedFromMemory is not a mono symbol file
Symbol file LoadedFromMemory is not a mono symbol file
Symbol file LoadedFromMemory is not a mono symbol file
Native extension for WindowsStandalone target not found
Refreshing native plugins compatible for Editor in 0.57 ms, found 3 plugins.
Preloading 0 native plugins for Editor in 0.00 ms.
Invoked RoslynAnalysisRunner static constructor.
RoslynAnalysisRunner will not be running.
RoslynAnalysisRunner has terminated.
Mono: successfully reloaded assembly
- Completed reload, in  1.709 seconds
Platform modules already initialized, skipping
Refreshing native plugins compatible for Editor in 0.61 ms, found 3 plugins.
Preloading 0 native plugins for Editor in 0.00 ms.
Unloading 1198 Unused Serialized files (Serialized files now loaded: 0)
System memory in use before: 66.3 MB.
System memory in use after: 66.4 MB.

Unloading 20 unused Assets to reduce memory usage. Loaded Objects now: 1708.
Total: 3.754000 ms (FindLiveObjects: 0.294600 ms CreateObjectMapping: 0.118300 ms MarkObjects: 3.300700 ms  DeleteObjects: 0.038500 ms)

========================================================================
Received Prepare
Registering precompiled user dll's ...
Registered in 0.011041 seconds.
Begin MonoManager ReloadAssembly
Symbol file LoadedFromMemory is not a mono symbol file
Symbol file LoadedFromMemory is not a mono symbol file
Symbol file LoadedFromMemory is not a mono symbol file
Symbol file LoadedFromMemory is not a mono symbol file
Symbol file LoadedFromMemory is not a mono symbol file
Symbol file LoadedFromMemory is not a mono symbol file
Native extension for WindowsStandalone target not found
Refreshing native plugins compatible for Editor in 0.67 ms, found 3 plugins.
Preloading 0 native plugins for Editor in 0.00 ms.
Invoked RoslynAnalysisRunner static constructor.
RoslynAnalysisRunner will not be running.
RoslynAnalysisRunner has terminated.
Mono: successfully reloaded assembly
- Completed reload, in  1.587 seconds
Platform modules already initialized, skipping
Refreshing native plugins compatible for Editor in 0.55 ms, found 3 plugins.
Preloading 0 native plugins for Editor in 0.00 ms.
Unloading 1198 Unused Serialized files (Serialized files now loaded: 0)
System memory in use before: 65.9 MB.
System memory in use after: 66.0 MB.

Unloading 20 unused Assets to reduce memory usage. Loaded Objects now: 1710.
Total: 3.869600 ms (FindLiveObjects: 0.395900 ms CreateObjectMapping: 0.102400 ms MarkObjects: 3.344900 ms  DeleteObjects: 0.024100 ms)

========================================================================
Received Prepare
Registering precompiled user dll's ...
Registered in 0.006616 seconds.
Begin MonoManager ReloadAssembly
Symbol file LoadedFromMemory is not a mono symbol file
Symbol file LoadedFromMemory is not a mono symbol file
Symbol file LoadedFromMemory is not a mono symbol file
Symbol file LoadedFromMemory is not a mono symbol file
Symbol file LoadedFromMemory is not a mono symbol file
Symbol file LoadedFromMemory is not a mono symbol file
Native extension for WindowsStandalone target not found
Refreshing native plugins compatible for Editor in 0.71 ms, found 3 plugins.
Preloading 0 native plugins for Editor in 0.00 ms.
Invoked RoslynAnalysisRunner static constructor.
RoslynAnalysisRunner will not be running.
RoslynAnalysisRunner has terminated.
Mono: successfully reloaded assembly
- Completed reload, in  1.880 seconds
Platform modules already initialized, skipping
Refreshing native plugins compatible for Editor in 0.44 ms, found 3 plugins.
Preloading 0 native plugins for Editor in 0.00 ms.
Unloading 1198 Unused Serialized files (Serialized files now loaded: 0)
System memory in use before: 66.4 MB.
System memory in use after: 66.5 MB.

Unloading 20 unused Assets to reduce memory usage. Loaded Objects now: 1712.
Total: 1.876000 ms (FindLiveObjects: 0.222100 ms CreateObjectMapping: 0.118700 ms MarkObjects: 1.514800 ms  DeleteObjects: 0.019000 ms)

========================================================================
Received Prepare
Registering precompiled user dll's ...
Registered in 0.005377 seconds.
Begin MonoManager ReloadAssembly
Symbol file LoadedFromMemory is not a mono symbol file
Symbol file LoadedFromMemory is not a mono symbol file
Symbol file LoadedFromMemory is not a mono symbol file
Symbol file LoadedFromMemory is not a mono symbol file
Symbol file LoadedFromMemory is not a mono symbol file
Symbol file LoadedFromMemory is not a mono symbol file
Native extension for WindowsStandalone target not found
Refreshing native plugins compatible for Editor in 0.41 ms, found 3 plugins.
Preloading 0 native plugins for Editor in 0.00 ms.
Invoked RoslynAnalysisRunner static constructor.
RoslynAnalysisRunner will not be running.
RoslynAnalysisRunner has terminated.
Mono: successfully reloaded assembly
- Completed reload, in  1.082 seconds
Platform modules already initialized, skipping
Refreshing native plugins compatible for Editor in 0.51 ms, found 3 plugins.
Preloading 0 native plugins for Editor in 0.00 ms.
Unloading 1198 Unused Serialized files (Serialized files now loaded: 0)
System memory in use before: 66.4 MB.
System memory in use after: 66.5 MB.

Unloading 20 unused Assets to reduce memory usage. Loaded Objects now: 1714.
Total: 1.754200 ms (FindLiveObjects: 0.192700 ms CreateObjectMapping: 0.046700 ms MarkObjects: 1.485100 ms  DeleteObjects: 0.028400 ms)

========================================================================
Received Prepare
Registering precompiled user dll's ...
Registered in 0.013199 seconds.
Begin MonoManager ReloadAssembly
Symbol file LoadedFromMemory is not a mono symbol file
Symbol file LoadedFromMemory is not a mono symbol file
Symbol file LoadedFromMemory is not a mono symbol file
Symbol file LoadedFromMemory is not a mono symbol file
Symbol file LoadedFromMemory is not a mono symbol file
Symbol file LoadedFromMemory is not a mono symbol file
Native extension for WindowsStandalone target not found
Refreshing native plugins compatible for Editor in 0.87 ms, found 3 plugins.
Preloading 0 native plugins for Editor in 0.00 ms.
Invoked RoslynAnalysisRunner static constructor.
RoslynAnalysisRunner will not be running.
RoslynAnalysisRunner has terminated.
Mono: successfully reloaded assembly
- Completed reload, in  2.240 seconds
Platform modules already initialized, skipping
Refreshing native plugins compatible for Editor in 0.72 ms, found 3 plugins.
Preloading 0 native plugins for Editor in 0.00 ms.
Unloading 1198 Unused Serialized files (Serialized files now loaded: 0)
System memory in use before: 66.1 MB.
System memory in use after: 66.2 MB.

Unloading 20 unused Assets to reduce memory usage. Loaded Objects now: 1716.
Total: 3.865200 ms (FindLiveObjects: 0.318800 ms CreateObjectMapping: 0.135400 ms MarkObjects: 3.382400 ms  DeleteObjects: 0.026200 ms)

AssetImportWorkerClient::OnTransportError - code=2 error=End of file
